# JRE version: Java(TM) SE Runtime Environment (8.0_181-b13) (build 1.8.0_181-b13)
# Java VM: Java HotSpot(TM) 64-Bit Server VM (25.181-b13 mixed mode windows-amd64 compressed oops)
Heap:
 PSYoungGen      total 42496K, used 19630K [0x00000000d5980000, 0x00000000d9280000, 0x0000000100000000)
  eden space 36352K, 53% used [0x00000000d5980000,0x00000000d6c5bbb0,0x00000000d7d00000)
  from space 6144K, 5% used [0x00000000d8680000,0x00000000d86d0010,0x00000000d8c80000)
  to   space 6144K, 0% used [0x00000000d8c80000,0x00000000d8c80000,0x00000000d9280000)
 ParOldGen       total 63488K, used 11878K [0x0000000080c00000, 0x0000000084a00000, 0x00000000d5980000)
  object space 63488K, 18% used [0x0000000080c00000,0x0000000081799bb8,0x0000000084a00000)
 Metaspace       used 25185K, capacity 25494K, committed 25904K, reserved 1073152K
  class space    used 3004K, capacity 3084K, committed 3120K, reserved 1048576K
GC Heap History (10 events):
Event: 4.737 GC heap before
{Heap before GC invocations=12 (full 1):
 PSYoungGen      total 34816K, used 4059K [0x00000000d5980000, 0x00000000d9a00000, 0x0000000100000000)
  eden space 30720K, 0% used [0x00000000d5980000,0x00000000d5980000,0x00000000d7780000)
  from space 4096K, 99% used [0x00000000d9380000,0x00000000d9776c20,0x00000000d9780000)
  to   space 2560K, 0% used [0x00000000d9780000,0x00000000d9780000,0x00000000d9a00000)
 ParOldGen       total 87552K, used 5679K [0x0000000080c00000, 0x0000000086180000, 0x00000000d5980000)
  object space 87552K, 6% used [0x0000000080c00000,0x000000008118bd98,0x0000000086180000)
 Metaspace       used 20945K, capacity 21122K, committed 21296K, reserved 1069056K
  class space    used 2530K, capacity 2582K, committed 2608K, reserved 1048576K
Event: 4.785 GC heap after
Heap after GC invocations=12 (full 1):
 PSYoungGen      total 34816K, used 0K [0x00000000d5980000, 0x00000000d9a00000, 0x0000000100000000)
  eden space 30720K, 0% used [0x00000000d5980000,0x00000000d5980000,0x00000000d7780000)
  from space 4096K, 0% used [0x00000000d9380000,0x00000000d9380000,0x00000000d9780000)
  to   space 2560K, 0% used [0x00000000d9780000,0x00000000d9780000,0x00000000d9a00000)
 ParOldGen       total 63488K, used 9176K [0x0000000080c00000, 0x0000000084a00000, 0x00000000d5980000)
  object space 63488K, 14% used [0x0000000080c00000,0x00000000814f6230,0x0000000084a00000)
 Metaspace       used 20945K, capacity 21122K, committed 21296K, reserved 1069056K
  class space    used 2530K, capacity 2582K, committed 2608K, reserved 1048576K
}
Event: 16.962 GC heap before
{Heap before GC invocations=13 (full 1):
 PSYoungGen      total 34816K, used 30720K [0x00000000d5980000, 0x00000000d9a00000, 0x0000000100000000)
  eden space 30720K, 100% used [0x00000000d5980000,0x00000000d7780000,0x00000000d7780000)
  from space 4096K, 0% used [0x00000000d9380000,0x00000000d9380000,0x00000000d9780000)
  to   space 2560K, 0% used [0x00000000d9780000,0x00000000d9780000,0x00000000d9a00000)
 ParOldGen       total 63488K, used 9176K [0x0000000080c00000, 0x0000000084a00000, 0x00000000d5980000)
  object space 63488K, 14% used [0x0000000080c00000,0x00000000814f6230,0x0000000084a00000)
 Metaspace       used 24715K, capacity 24954K, committed 25392K, reserved 1071104K
  class space    used 2960K, capacity 3042K, committed 3120K, reserved 1048576K
Event: 16.967 GC heap after
Heap after GC invocations=13 (full 1):
 PSYoungGen      total 40448K, used 2538K [0x00000000d5980000, 0x00000000d9a00000, 0x0000000100000000)
  eden space 37888K, 0% used [0x00000000d5980000,0x00000000d5980000,0x00000000d7e80000)
  from space 2560K, 99% used [0x00000000d9780000,0x00000000d99fa978,0x00000000d9a00000)
  to   space 6144K, 0% used [0x00000000d8e00000,0x00000000d8e00000,0x00000000d9400000)
 ParOldGen       total 63488K, used 10308K [0x0000000080c00000, 0x0000000084a00000, 0x00000000d5980000)
  object space 63488K, 16% used [0x0000000080c00000,0x0000000081611280,0x0000000084a00000)
 Metaspace       used 24715K, capacity 24954K, committed 25392K, reserved 1071104K
  class space    used 2960K, capacity 3042K, committed 3120K, reserved 1048576K
}
Event: 149.923 GC heap before
{Heap before GC invocations=14 (full 1):
 PSYoungGen      total 40448K, used 40426K [0x00000000d5980000, 0x00000000d9a00000, 0x0000000100000000)
  eden space 37888K, 100% used [0x00000000d5980000,0x00000000d7e80000,0x00000000d7e80000)
  from space 2560K, 99% used [0x00000000d9780000,0x00000000d99fa978,0x00000000d9a00000)
  to   space 6144K, 0% used [0x00000000d8e00000,0x00000000d8e00000,0x00000000d9400000)
 ParOldGen       total 63488K, used 10308K [0x0000000080c00000, 0x0000000084a00000, 0x00000000d5980000)
  object space 63488K, 16% used [0x0000000080c00000,0x0000000081611280,0x0000000084a00000)
 Metaspace       used 25149K, capacity 25412K, committed 25648K, reserved 1071104K
  class space    used 3002K, capacity 3081K, committed 3120K, reserved 1048576K
Event: 149.926 GC heap after
Heap after GC invocations=14 (full 1):
 PSYoungGen      total 37888K, used 480K [0x00000000d5980000, 0x00000000d9800000, 0x0000000100000000)
  eden space 37376K, 0% used [0x00000000d5980000,0x00000000d5980000,0x00000000d7e00000)
  from space 512K, 93% used [0x00000000d8e00000,0x00000000d8e78010,0x00000000d8e80000)
  to   space 6144K, 0% used [0x00000000d9200000,0x00000000d9200000,0x00000000d9800000)
 ParOldGen       total 63488K, used 11870K [0x0000000080c00000, 0x0000000084a00000, 0x00000000d5980000)
  object space 63488K, 18% used [0x0000000080c00000,0x0000000081797bb8,0x0000000084a00000)
 Metaspace       used 25149K, capacity 25412K, committed 25648K, reserved 1071104K
  class space    used 3002K, capacity 3081K, committed 3120K, reserved 1048576K
}
Event: 430.725 GC heap before
{Heap before GC invocations=15 (full 1):
 PSYoungGen      total 37888K, used 37856K [0x00000000d5980000, 0x00000000d9800000, 0x0000000100000000)
  eden space 37376K, 100% used [0x00000000d5980000,0x00000000d7e00000,0x00000000d7e00000)
  from space 512K, 93% used [0x00000000d8e00000,0x00000000d8e78010,0x00000000d8e80000)
  to   space 6144K, 0% used [0x00000000d9200000,0x00000000d9200000,0x00000000d9800000)
 ParOldGen       total 63488K, used 11870K [0x0000000080c00000, 0x0000000084a00000, 0x00000000d5980000)
  object space 63488K, 18% used [0x0000000080c00000,0x0000000081797bb8,0x0000000084a00000)
 Metaspace       used 25165K, capacity 25412K, committed 25648K, reserved 1071104K
  class space    used 3002K, capacity 3081K, committed 3120K, reserved 1048576K
Event: 430.727 GC heap after
Heap after GC invocations=15 (full 1):
 PSYoungGen      total 37376K, used 256K [0x00000000d5980000, 0x00000000d9280000, 0x0000000100000000)
  eden space 36864K, 0% used [0x00000000d5980000,0x00000000d5980000,0x00000000d7d80000)
  from space 512K, 50% used [0x00000000d9200000,0x00000000d9240010,0x00000000d9280000)
  to   space 6144K, 0% used [0x00000000d8680000,0x00000000d8680000,0x00000000d8c80000)
 ParOldGen       total 63488K, used 11878K [0x0000000080c00000, 0x0000000084a00000, 0x00000000d5980000)
  object space 63488K, 18% used [0x0000000080c00000,0x0000000081799bb8,0x0000000084a00000)
 Metaspace       used 25165K, capacity 25412K, committed 25648K, reserved 1071104K
  class space    used 3002K, capacity 3081K, committed 3120K, reserved 1048576K
}
Event: 680.827 GC heap before
{Heap before GC invocations=16 (full 1):
 PSYoungGen      total 37376K, used 37120K [0x00000000d5980000, 0x00000000d9280000, 0x0000000100000000)
  eden space 36864K, 100% used [0x00000000d5980000,0x00000000d7d80000,0x00000000d7d80000)
  from space 512K, 50% used [0x00000000d9200000,0x00000000d9240010,0x00000000d9280000)
  to   space 6144K, 0% used [0x00000000d8680000,0x00000000d8680000,0x00000000d8c80000)
 ParOldGen       total 63488K, used 11878K [0x0000000080c00000, 0x0000000084a00000, 0x00000000d5980000)
  object space 63488K, 18% used [0x0000000080c00000,0x0000000081799bb8,0x0000000084a00000)
 Metaspace       used 25174K, capacity 25430K, committed 25648K, reserved 1071104K
  class space    used 3004K, capacity 3084K, committed 3120K, reserved 1048576K
Event: 680.828 GC heap after
Heap after GC invocations=16 (full 1):
 PSYoungGen      total 42496K, used 320K [0x00000000d5980000, 0x00000000d9280000, 0x0000000100000000)
  eden space 36352K, 0% used [0x00000000d5980000,0x00000000d5980000,0x00000000d7d00000)
  from space 6144K, 5% used [0x00000000d8680000,0x00000000d86d0010,0x00000000d8c80000)
  to   space 6144K, 0% used [0x00000000d8c80000,0x00000000d8c80000,0x00000000d9280000)
 ParOldGen       total 63488K, used 11878K [0x0000000080c00000, 0x0000000084a00000, 0x00000000d5980000)
  object space 63488K, 18% used [0x0000000080c00000,0x0000000081799bb8,0x0000000084a00000)
 Metaspace       used 25174K, capacity 25430K, committed 25648K, reserved 1071104K
  class space    used 3004K, capacity 3084K, committed 3120K, reserved 1048576K
}

